<?xml version="1.0" encoding="UTF-8"?>
<testng-results ignored="0" total="14" passed="14" failed="0" skipped="0">
  <reporter-output>
  </reporter-output>
  <suite started-at="2026-02-13T22:02:25 IST" name="Selenium Test Suite" finished-at="2026-02-13T22:03:44 IST" duration-ms="79530">
    <groups>
      <group name="regression">
        <method signature="LoginTest.VerifySignInButton1()[pri:0, instance:TestCases.Tests.LoginTest@1d9b7cce]" name="VerifySignInButton1" class="TestCases.Tests.LoginTest"/>
      </group> <!-- regression -->
      <group name="smoke">
        <method signature="LoginTest.VerifySignInButton()[pri:0, instance:TestCases.Tests.LoginTest@1d9b7cce]" name="VerifySignInButton" class="TestCases.Tests.LoginTest"/>
        <method signature="LoginTestCases.VerifyStopButton()[pri:0, instance:TestCases.Tests.LoginTestCases@4d9e68d0]" name="VerifyStopButton" class="TestCases.Tests.LoginTestCases"/>
        <method signature="SelectTests.VerifySelectButton()[pri:0, instance:TestCases.Tests.SelectTests@59fd97a8]" name="VerifySelectButton" class="TestCases.Tests.SelectTests"/>
        <method signature="SimpleTest.VerifyAlert()[pri:0, instance:TestCases.Tests.SimpleTest@14dd9eb7]" name="VerifyAlert" class="TestCases.Tests.SimpleTest"/>
        <method signature="SimpleTest.VerifyStopButton2()[pri:0, instance:TestCases.Tests.SimpleTest@14dd9eb7]" name="VerifyStopButton2" class="TestCases.Tests.SimpleTest"/>
      </group> <!-- smoke -->
      <group name="suresh">
        <method signature="SimpleTest.VerifyStopButton1()[pri:0, instance:TestCases.Tests.SimpleTest@14dd9eb7]" name="VerifyStopButton1" class="TestCases.Tests.SimpleTest"/>
      </group> <!-- suresh -->
      <group name="deepika">
        <method signature="LoginTestCases.VerifySelectButton()[pri:0, instance:TestCases.Tests.LoginTestCases@4d9e68d0]" name="VerifySelectButton" class="TestCases.Tests.LoginTestCases"/>
      </group> <!-- deepika -->
    </groups>
    <test started-at="2026-02-13T22:02:25 IST" name="Practice Page Test" finished-at="2026-02-13T22:03:44 IST" duration-ms="79530">
      <class name="TestCases.Tests.SimpleTest">
        <test-method signature="VerifyAlert()[pri:0, instance:TestCases.Tests.SimpleTest@14dd9eb7]" started-at="2026-02-13T22:03:00 IST" name="VerifyAlert" finished-at="2026-02-13T22:03:11 IST" duration-ms="10558" status="PASS">
          <reporter-output>
          </reporter-output>
        </test-method> <!-- VerifyAlert -->
        <test-method signature="VerifyStopButton()[pri:0, instance:TestCases.Tests.SimpleTest@14dd9eb7]" started-at="2026-02-13T22:03:11 IST" name="VerifyStopButton" finished-at="2026-02-13T22:03:18 IST" duration-ms="7020" status="PASS">
          <reporter-output>
          </reporter-output>
        </test-method> <!-- VerifyStopButton -->
        <test-method signature="VerifyStopButton1()[pri:0, instance:TestCases.Tests.SimpleTest@14dd9eb7]" started-at="2026-02-13T22:03:18 IST" name="VerifyStopButton1" finished-at="2026-02-13T22:03:24 IST" duration-ms="6594" status="PASS">
          <reporter-output>
          </reporter-output>
        </test-method> <!-- VerifyStopButton1 -->
        <test-method signature="VerifyStopButton2()[pri:0, instance:TestCases.Tests.SimpleTest@14dd9eb7]" started-at="2026-02-13T22:03:24 IST" name="VerifyStopButton2" finished-at="2026-02-13T22:03:33 IST" duration-ms="8642" status="PASS">
          <reporter-output>
          </reporter-output>
        </test-method> <!-- VerifyStopButton2 -->
      </class> <!-- TestCases.Tests.SimpleTest -->
      <class name="TestCases.Tests.TodayTestcases">
        <test-method signature="LoginTest()[pri:0, instance:TestCases.Tests.TodayTestcases@52e6fdee]" started-at="2026-02-13T22:03:33 IST" name="LoginTest" finished-at="2026-02-13T22:03:37 IST" duration-ms="4103" status="PASS">
          <reporter-output>
          </reporter-output>
        </test-method> <!-- LoginTest -->
        <test-method signature="VerifyLoginPopup()[pri:0, instance:TestCases.Tests.TodayTestcases@52e6fdee]" started-at="2026-02-13T22:03:37 IST" name="VerifyLoginPopup" finished-at="2026-02-13T22:03:40 IST" duration-ms="3485" status="PASS">
          <reporter-output>
          </reporter-output>
        </test-method> <!-- VerifyLoginPopup -->
        <test-method signature="VerifyLoginPopupText()[pri:0, instance:TestCases.Tests.TodayTestcases@52e6fdee]" started-at="2026-02-13T22:03:40 IST" name="VerifyLoginPopupText" finished-at="2026-02-13T22:03:44 IST" duration-ms="3985" status="PASS">
          <reporter-output>
          </reporter-output>
        </test-method> <!-- VerifyLoginPopupText -->
      </class> <!-- TestCases.Tests.TodayTestcases -->
      <class name="TestCases.Tests.SelectTests">
        <test-method signature="VerifySelectButton()[pri:0, instance:TestCases.Tests.SelectTests@59fd97a8]" started-at="2026-02-13T22:02:25 IST" name="VerifySelectButton" finished-at="2026-02-13T22:02:31 IST" duration-ms="6174" status="PASS">
          <reporter-output>
          </reporter-output>
        </test-method> <!-- VerifySelectButton -->
      </class> <!-- TestCases.Tests.SelectTests -->
      <class name="TestCases.Tests.LoginTest">
        <test-method signature="VerifySignInButton()[pri:0, instance:TestCases.Tests.LoginTest@1d9b7cce]" started-at="2026-02-13T22:02:31 IST" name="VerifySignInButton" finished-at="2026-02-13T22:02:36 IST" duration-ms="4796" status="PASS">
          <reporter-output>
          </reporter-output>
        </test-method> <!-- VerifySignInButton -->
        <test-method signature="VerifySignInButton1()[pri:0, instance:TestCases.Tests.LoginTest@1d9b7cce]" started-at="2026-02-13T22:02:36 IST" name="VerifySignInButton1" finished-at="2026-02-13T22:02:41 IST" duration-ms="4810" status="PASS">
          <reporter-output>
          </reporter-output>
        </test-method> <!-- VerifySignInButton1 -->
      </class> <!-- TestCases.Tests.LoginTest -->
      <class name="TestCases.Tests.SelectRelated">
        <test-method signature="VerifySelectButton()[pri:0, instance:TestCases.Tests.SelectRelated@42e99e4a]" started-at="2026-02-13T22:02:51 IST" name="VerifySelectButton" finished-at="2026-02-13T22:02:56 IST" duration-ms="5074" status="PASS">
          <reporter-output>
          </reporter-output>
        </test-method> <!-- VerifySelectButton -->
        <test-method signature="VerifySubmitButton()[pri:0, instance:TestCases.Tests.SelectRelated@42e99e4a]" started-at="2026-02-13T22:02:56 IST" name="VerifySubmitButton" finished-at="2026-02-13T22:03:00 IST" duration-ms="3766" status="PASS">
          <reporter-output>
          </reporter-output>
        </test-method> <!-- VerifySubmitButton -->
      </class> <!-- TestCases.Tests.SelectRelated -->
      <class name="TestCases.Tests.LoginTestCases">
        <test-method signature="VerifySelectButton()[pri:0, instance:TestCases.Tests.LoginTestCases@4d9e68d0]" started-at="2026-02-13T22:02:41 IST" name="VerifySelectButton" finished-at="2026-02-13T22:02:44 IST" duration-ms="3444" status="PASS">
          <reporter-output>
          </reporter-output>
        </test-method> <!-- VerifySelectButton -->
        <test-method signature="VerifyStopButton()[pri:0, instance:TestCases.Tests.LoginTestCases@4d9e68d0]" started-at="2026-02-13T22:02:44 IST" name="VerifyStopButton" finished-at="2026-02-13T22:02:51 IST" duration-ms="6929" status="PASS">
          <reporter-output>
          </reporter-output>
        </test-method> <!-- VerifyStopButton -->
      </class> <!-- TestCases.Tests.LoginTestCases -->
    </test> <!-- Practice Page Test -->
  </suite> <!-- Selenium Test Suite -->
</testng-results>
