<?xml version="1.0" encoding="UTF-8"?>
<testng-results ignored="0" total="12" passed="12" failed="0" skipped="0">
  <reporter-output>
  </reporter-output>
  <suite started-at="2026-01-10T20:42:27 IST" name="Selenium Test Suite" finished-at="2026-01-10T20:43:01 IST" duration-ms="34273">
    <groups>
      <group name="regression">
        <method signature="LoginTest.ArjunTestCase()[pri:0, instance:TestCases.Tests.LoginTest@402bba4f]" name="ArjunTestCase" class="TestCases.Tests.LoginTest"/>
        <method signature="LoginTest.BabutestCase()[pri:0, instance:TestCases.Tests.LoginTest@402bba4f]" name="BabutestCase" class="TestCases.Tests.LoginTest"/>
        <method signature="LoginTest.ShivaTestCase()[pri:0, instance:TestCases.Tests.LoginTest@402bba4f]" name="ShivaTestCase" class="TestCases.Tests.LoginTest"/>
        <method signature="LoginTest.VerifyCoursesOption()[pri:0, instance:TestCases.Tests.LoginTest@402bba4f]" name="VerifyCoursesOption" class="TestCases.Tests.LoginTest"/>
        <method signature="LoginTest.VerifySignInButton1()[pri:0, instance:TestCases.Tests.LoginTest@402bba4f]" name="VerifySignInButton1" class="TestCases.Tests.LoginTest"/>
      </group> <!-- regression -->
      <group name="smoke">
        <method signature="LoginTest.VerifySignInButton()[pri:0, instance:TestCases.Tests.LoginTest@402bba4f]" name="VerifySignInButton" class="TestCases.Tests.LoginTest"/>
        <method signature="LoginTestCases.VerifySelectButton()[pri:0, instance:TestCases.Tests.LoginTestCases@441772e]" name="VerifySelectButton" class="TestCases.Tests.LoginTestCases"/>
        <method signature="LoginTestCases.VerifyStopButton()[pri:0, instance:TestCases.Tests.LoginTestCases@441772e]" name="VerifyStopButton" class="TestCases.Tests.LoginTestCases"/>
      </group> <!-- smoke -->
    </groups>
    <test started-at="2026-01-10T20:42:27 IST" name="Practice Page Test" finished-at="2026-01-10T20:43:01 IST" duration-ms="34273">
      <class name="TestCases.Tests.Arjun">
        <test-method signature="FlipkartLogin()[pri:0, instance:TestCases.Tests.Arjun@4d9e68d0]" started-at="2026-01-10T20:42:52 IST" name="FlipkartLogin" finished-at="2026-01-10T20:42:55 IST" duration-ms="2840" status="PASS">
          <reporter-output>
          </reporter-output>
        </test-method> <!-- FlipkartLogin -->
        <test-method signature="MouseHover()[pri:0, instance:TestCases.Tests.Arjun@4d9e68d0]" started-at="2026-01-10T20:42:55 IST" name="MouseHover" finished-at="2026-01-10T20:43:01 IST" duration-ms="6023" status="PASS">
          <reporter-output>
          </reporter-output>
        </test-method> <!-- MouseHover -->
      </class> <!-- TestCases.Tests.Arjun -->
      <class name="TestCases.Tests.SelectTests">
        <test-method signature="VerifyAlert()[pri:0, instance:TestCases.Tests.SelectTests@1d9b7cce]" started-at="2026-01-10T20:42:48 IST" name="VerifyAlert" finished-at="2026-01-10T20:42:50 IST" duration-ms="2149" status="PASS">
          <reporter-output>
          </reporter-output>
        </test-method> <!-- VerifyAlert -->
        <test-method signature="VerifySelectButton()[pri:0, instance:TestCases.Tests.SelectTests@1d9b7cce]" started-at="2026-01-10T20:42:50 IST" name="VerifySelectButton" finished-at="2026-01-10T20:42:52 IST" duration-ms="1970" status="PASS">
          <reporter-output>
          </reporter-output>
        </test-method> <!-- VerifySelectButton -->
      </class> <!-- TestCases.Tests.SelectTests -->
      <class name="TestCases.Tests.LoginTest">
        <test-method signature="ArjunTestCase()[pri:0, instance:TestCases.Tests.LoginTest@402bba4f]" started-at="2026-01-10T20:42:27 IST" name="ArjunTestCase" finished-at="2026-01-10T20:42:30 IST" duration-ms="3320" status="PASS">
          <reporter-output>
          </reporter-output>
        </test-method> <!-- ArjunTestCase -->
        <test-method signature="BabutestCase()[pri:0, instance:TestCases.Tests.LoginTest@402bba4f]" started-at="2026-01-10T20:42:30 IST" name="BabutestCase" finished-at="2026-01-10T20:42:32 IST" duration-ms="1995" status="PASS">
          <reporter-output>
          </reporter-output>
        </test-method> <!-- BabutestCase -->
        <test-method signature="ShivaTestCase()[pri:0, instance:TestCases.Tests.LoginTest@402bba4f]" started-at="2026-01-10T20:42:32 IST" name="ShivaTestCase" finished-at="2026-01-10T20:42:34 IST" duration-ms="1931" status="PASS">
          <reporter-output>
          </reporter-output>
        </test-method> <!-- ShivaTestCase -->
        <test-method signature="VerifyCoursesOption()[pri:0, instance:TestCases.Tests.LoginTest@402bba4f]" started-at="2026-01-10T20:42:34 IST" name="VerifyCoursesOption" finished-at="2026-01-10T20:42:36 IST" duration-ms="1949" status="PASS">
          <reporter-output>
          </reporter-output>
        </test-method> <!-- VerifyCoursesOption -->
        <test-method signature="VerifySignInButton()[pri:0, instance:TestCases.Tests.LoginTest@402bba4f]" started-at="2026-01-10T20:42:36 IST" name="VerifySignInButton" finished-at="2026-01-10T20:42:38 IST" duration-ms="2029" status="PASS">
          <reporter-output>
          </reporter-output>
        </test-method> <!-- VerifySignInButton -->
        <test-method signature="VerifySignInButton1()[pri:0, instance:TestCases.Tests.LoginTest@402bba4f]" started-at="2026-01-10T20:42:38 IST" name="VerifySignInButton1" finished-at="2026-01-10T20:42:40 IST" duration-ms="1833" status="PASS">
          <reporter-output>
          </reporter-output>
        </test-method> <!-- VerifySignInButton1 -->
      </class> <!-- TestCases.Tests.LoginTest -->
      <class name="TestCases.Tests.LoginTestCases">
        <test-method signature="VerifySelectButton()[pri:0, instance:TestCases.Tests.LoginTestCases@441772e]" started-at="2026-01-10T20:42:40 IST" name="VerifySelectButton" finished-at="2026-01-10T20:42:42 IST" duration-ms="1860" status="PASS">
          <reporter-output>
          </reporter-output>
        </test-method> <!-- VerifySelectButton -->
        <test-method signature="VerifyStopButton()[pri:0, instance:TestCases.Tests.LoginTestCases@441772e]" started-at="2026-01-10T20:42:42 IST" name="VerifyStopButton" finished-at="2026-01-10T20:42:48 IST" duration-ms="6309" status="PASS">
          <reporter-output>
          </reporter-output>
        </test-method> <!-- VerifyStopButton -->
      </class> <!-- TestCases.Tests.LoginTestCases -->
    </test> <!-- Practice Page Test -->
  </suite> <!-- Selenium Test Suite -->
</testng-results>
