<?xml version="1.0" encoding="UTF-8"?>
<!-- Generated by org.testng.reporters.JUnitXMLReporter -->
<testsuite ignored="2" hostname="LAPTOP-FUVDHPQT" failures="0" tests="1" name="Default test" time="16.497" errors="0" timestamp="2026-01-03T20:50:46 IST">
  <testcase classname="TestCases.Tests.LoginTest" name="VerifyCoursesOption" time="16.437"/>
  <testcase classname="TestCases.Tests.LoginTest" name="VerifySignInButton1" time="0.0">
    <ignored/>
  </testcase> <!-- VerifySignInButton1 -->
  <testcase classname="TestCases.Tests.LoginTest" name="VerifySignInButton" time="0.0">
    <ignored/>
  </testcase> <!-- VerifySignInButton -->
</testsuite> <!-- Default test -->
