<?xml version="1.0" encoding="UTF-8"?>
<!-- Generated by org.testng.reporters.JUnitXMLReporter -->
<testsuite ignored="2" hostname="CHESHVIKA" failures="0" tests="1" name="Default test" time="5.79" errors="0" timestamp="2026-02-10T21:48:35 IST">
  <testcase classname="TestCases.Tests.TodayTestcases" name="LoginTest" time="5.714"/>
  <testcase classname="TestCases.Tests.TodayTestcases" name="VerifyLoginPopup" time="0.0">
    <ignored/>
  </testcase> <!-- VerifyLoginPopup -->
  <testcase classname="TestCases.Tests.TodayTestcases" name="VerifyLoginPopupText" time="0.0">
    <ignored/>
  </testcase> <!-- VerifyLoginPopupText -->
</testsuite> <!-- Default test -->
