<?xml version="1.0" encoding="UTF-8"?>
<testng-results ignored="0" total="12" passed="11" failed="1" skipped="0">
  <reporter-output>
  </reporter-output>
  <suite started-at="2026-02-10T21:52:41 IST" name="Selenium Test Suite" finished-at="2026-02-10T21:53:53 IST" duration-ms="72009">
    <groups>
      <group name="regression">
        <method signature="LoginTest.VerifySignInButton1()[pri:0, instance:TestCases.Tests.LoginTest@65fb9ffc]" name="VerifySignInButton1" class="TestCases.Tests.LoginTest"/>
      </group> <!-- regression -->
      <group name="smoke">
        <method signature="LoginTest.VerifySignInButton()[pri:0, instance:TestCases.Tests.LoginTest@65fb9ffc]" name="VerifySignInButton" class="TestCases.Tests.LoginTest"/>
        <method signature="LoginTestCases.VerifySelectButton()[pri:0, instance:TestCases.Tests.LoginTestCases@3e694b3f]" name="VerifySelectButton" class="TestCases.Tests.LoginTestCases"/>
        <method signature="LoginTestCases.VerifyStopButton()[pri:0, instance:TestCases.Tests.LoginTestCases@3e694b3f]" name="VerifyStopButton" class="TestCases.Tests.LoginTestCases"/>
        <method signature="SelectTests.VerifySelectButton()[pri:0, instance:TestCases.Tests.SelectTests@1bb5a082]" name="VerifySelectButton" class="TestCases.Tests.SelectTests"/>
        <method signature="SimpleTest.VerifyAlert()[pri:0, instance:TestCases.Tests.SimpleTest@59474f18]" name="VerifyAlert" class="TestCases.Tests.SimpleTest"/>
        <method signature="SimpleTest.VerifyStopButton2()[pri:0, instance:TestCases.Tests.SimpleTest@59474f18]" name="VerifyStopButton2" class="TestCases.Tests.SimpleTest"/>
      </group> <!-- smoke -->
      <group name="suresh">
        <method signature="SimpleTest.VerifyStopButton1()[pri:0, instance:TestCases.Tests.SimpleTest@59474f18]" name="VerifyStopButton1" class="TestCases.Tests.SimpleTest"/>
      </group> <!-- suresh -->
    </groups>
    <test started-at="2026-02-10T21:52:41 IST" name="Practice Page Test" finished-at="2026-02-10T21:53:53 IST" duration-ms="72009">
      <class name="TestCases.Tests.SimpleTest">
        <test-method signature="VerifyAlert()[pri:0, instance:TestCases.Tests.SimpleTest@59474f18]" started-at="2026-02-10T21:52:54 IST" name="VerifyAlert" finished-at="2026-02-10T21:53:06 IST" duration-ms="11720" status="PASS">
          <reporter-output>
          </reporter-output>
        </test-method> <!-- VerifyAlert -->
        <test-method signature="VerifyStopButton()[pri:0, instance:TestCases.Tests.SimpleTest@59474f18]" started-at="2026-02-10T21:53:06 IST" name="VerifyStopButton" finished-at="2026-02-10T21:53:11 IST" duration-ms="5011" status="PASS">
          <reporter-output>
          </reporter-output>
        </test-method> <!-- VerifyStopButton -->
        <test-method signature="VerifyStopButton1()[pri:0, instance:TestCases.Tests.SimpleTest@59474f18]" started-at="2026-02-10T21:53:11 IST" name="VerifyStopButton1" finished-at="2026-02-10T21:53:17 IST" duration-ms="5711" status="PASS">
          <reporter-output>
          </reporter-output>
        </test-method> <!-- VerifyStopButton1 -->
        <test-method signature="VerifyStopButton2()[pri:0, instance:TestCases.Tests.SimpleTest@59474f18]" started-at="2026-02-10T21:53:17 IST" name="VerifyStopButton2" finished-at="2026-02-10T21:53:26 IST" duration-ms="9108" status="FAIL">
          <exception class="org.openqa.selenium.NoSuchElementException">
            <message>
              <![CDATA[no such element: Unable to locate element: {"method":"xpath","selector":"//button[@name='starts']"}
  (Session info: chrome=144.0.7559.133)
For documentation on this error, please visit: https://www.selenium.dev/documentation/webdriver/troubleshooting/errors#no-such-element-exception
Build info: version: '4.23.0', revision: '4df0a231af'
System info: os.name: 'Windows 11', os.arch: 'amd64', os.version: '10.0', java.version: '21.0.9'
Driver info: org.openqa.selenium.chrome.ChromeDriver
Command: [21fd2bd5f73203621f124b84dbfacb1d, findElement {value=//button[@name='starts'], using=xpath}]
Capabilities {acceptInsecureCerts: false, browserName: chrome, browserVersion: 144.0.7559.133, chrome: {chromedriverVersion: 144.0.7559.133 (7da823b1d59..., userDataDir: C:\Users\mskmo\AppData\Loca...}, fedcm:accounts: true, goog:chromeOptions: {debuggerAddress: localhost:64501}, goog:processID: 21628, networkConnectionEnabled: false, pageLoadStrategy: normal, platformName: windows, proxy: Proxy(), se:cdp: ws://localhost:64501/devtoo..., se:cdpVersion: 144.0.7559.133, setWindowRect: true, strictFileInteractability: false, timeouts: {implicit: 0, pageLoad: 300000, script: 30000}, unhandledPromptBehavior: dismiss and notify, webauthn:extension:credBlob: true, webauthn:extension:largeBlob: true, webauthn:extension:minPinLength: true, webauthn:extension:prf: true, webauthn:virtualAuthenticators: true}
Session ID: 21fd2bd5f73203621f124b84dbfacb1d]]>
            </message>
            <full-stacktrace>
              <![CDATA[org.openqa.selenium.NoSuchElementException: no such element: Unable to locate element: {"method":"xpath","selector":"//button[@name='starts']"}
  (Session info: chrome=144.0.7559.133)
For documentation on this error, please visit: https://www.selenium.dev/documentation/webdriver/troubleshooting/errors#no-such-element-exception
Build info: version: '4.23.0', revision: '4df0a231af'
System info: os.name: 'Windows 11', os.arch: 'amd64', os.version: '10.0', java.version: '21.0.9'
Driver info: org.openqa.selenium.chrome.ChromeDriver
Command: [21fd2bd5f73203621f124b84dbfacb1d, findElement {value=//button[@name='starts'], using=xpath}]
Capabilities {acceptInsecureCerts: false, browserName: chrome, browserVersion: 144.0.7559.133, chrome: {chromedriverVersion: 144.0.7559.133 (7da823b1d59..., userDataDir: C:\Users\mskmo\AppData\Loca...}, fedcm:accounts: true, goog:chromeOptions: {debuggerAddress: localhost:64501}, goog:processID: 21628, networkConnectionEnabled: false, pageLoadStrategy: normal, platformName: windows, proxy: Proxy(), se:cdp: ws://localhost:64501/devtoo..., se:cdpVersion: 144.0.7559.133, setWindowRect: true, strictFileInteractability: false, timeouts: {implicit: 0, pageLoad: 300000, script: 30000}, unhandledPromptBehavior: dismiss and notify, webauthn:extension:credBlob: true, webauthn:extension:largeBlob: true, webauthn:extension:minPinLength: true, webauthn:extension:prf: true, webauthn:virtualAuthenticators: true}
Session ID: 21fd2bd5f73203621f124b84dbfacb1d
at java.base/jdk.internal.reflect.DirectConstructorHandleAccessor.newInstance(DirectConstructorHandleAccessor.java:62)
at java.base/java.lang.reflect.Constructor.newInstanceWithCaller(Constructor.java:502)
at java.base/java.lang.reflect.Constructor.newInstance(Constructor.java:486)
at org.openqa.selenium.remote.ErrorCodec.decode(ErrorCodec.java:167)
at org.openqa.selenium.remote.codec.w3c.W3CHttpResponseCodec.decode(W3CHttpResponseCodec.java:138)
at org.openqa.selenium.remote.codec.w3c.W3CHttpResponseCodec.decode(W3CHttpResponseCodec.java:50)
at org.openqa.selenium.remote.HttpCommandExecutor.execute(HttpCommandExecutor.java:190)
at org.openqa.selenium.remote.service.DriverCommandExecutor.invokeExecute(DriverCommandExecutor.java:216)
at org.openqa.selenium.remote.service.DriverCommandExecutor.execute(DriverCommandExecutor.java:174)
at org.openqa.selenium.remote.RemoteWebDriver.execute(RemoteWebDriver.java:527)
at org.openqa.selenium.remote.ElementLocation$ElementFinder$2.findElement(ElementLocation.java:165)
at org.openqa.selenium.remote.ElementLocation.findElement(ElementLocation.java:59)
at org.openqa.selenium.remote.RemoteWebDriver.findElement(RemoteWebDriver.java:357)
at org.openqa.selenium.remote.RemoteWebDriver.findElement(RemoteWebDriver.java:351)
at TestCases.Tests.SimpleTest.VerifyStopButton2(SimpleTest.java:77)
at java.base/jdk.internal.reflect.DirectMethodHandleAccessor.invoke(DirectMethodHandleAccessor.java:103)
at java.base/java.lang.reflect.Method.invoke(Method.java:580)
at org.testng.internal.invokers.MethodInvocationHelper.invokeMethod(MethodInvocationHelper.java:141)
at org.testng.internal.invokers.TestInvoker.invokeMethod(TestInvoker.java:686)
at org.testng.internal.invokers.TestInvoker.invokeTestMethod(TestInvoker.java:230)
at org.testng.internal.invokers.MethodRunner.runInSequence(MethodRunner.java:63)
at org.testng.internal.invokers.TestInvoker$MethodInvocationAgent.invoke(TestInvoker.java:992)
at org.testng.internal.invokers.TestInvoker.invokeTestMethods(TestInvoker.java:203)
at org.testng.internal.invokers.TestMethodWorker.invokeTestMethods(TestMethodWorker.java:154)
at org.testng.internal.invokers.TestMethodWorker.run(TestMethodWorker.java:134)
at java.base/java.util.ArrayList.forEach(ArrayList.java:1596)
at org.testng.TestRunner.privateRun(TestRunner.java:739)
at org.testng.TestRunner.run(TestRunner.java:614)
at org.testng.SuiteRunner.runTest(SuiteRunner.java:421)
at org.testng.SuiteRunner.runSequentially(SuiteRunner.java:413)
at org.testng.SuiteRunner.privateRun(SuiteRunner.java:373)
at org.testng.SuiteRunner.run(SuiteRunner.java:312)
at org.testng.SuiteRunnerWorker.runSuite(SuiteRunnerWorker.java:52)
at org.testng.SuiteRunnerWorker.run(SuiteRunnerWorker.java:95)
at org.testng.TestNG.runSuitesSequentially(TestNG.java:1274)
at org.testng.TestNG.runSuitesLocally(TestNG.java:1208)
at org.testng.TestNG.runSuites(TestNG.java:1112)
at org.testng.TestNG.run(TestNG.java:1079)
at org.testng.remote.AbstractRemoteTestNG.run(AbstractRemoteTestNG.java:115)
at org.testng.remote.RemoteTestNG.initAndRun(RemoteTestNG.java:293)
at org.testng.remote.RemoteTestNG.main(RemoteTestNG.java:91)
]]>
            </full-stacktrace>
          </exception> <!-- org.openqa.selenium.NoSuchElementException -->
          <reporter-output>
          </reporter-output>
        </test-method> <!-- VerifyStopButton2 -->
      </class> <!-- TestCases.Tests.SimpleTest -->
      <class name="TestCases.Tests.TodayTestcases">
        <test-method signature="LoginTest()[pri:0, instance:TestCases.Tests.TodayTestcases@76505305]" started-at="2026-02-10T21:52:41 IST" name="LoginTest" finished-at="2026-02-10T21:52:46 IST" duration-ms="5389" status="PASS">
          <reporter-output>
          </reporter-output>
        </test-method> <!-- LoginTest -->
        <test-method signature="VerifyLoginPopup()[pri:0, instance:TestCases.Tests.TodayTestcases@76505305]" started-at="2026-02-10T21:52:46 IST" name="VerifyLoginPopup" finished-at="2026-02-10T21:52:49 IST" duration-ms="2973" status="PASS">
          <reporter-output>
          </reporter-output>
        </test-method> <!-- VerifyLoginPopup -->
        <test-method signature="VerifyLoginPopupText()[pri:0, instance:TestCases.Tests.TodayTestcases@76505305]" started-at="2026-02-10T21:52:49 IST" name="VerifyLoginPopupText" finished-at="2026-02-10T21:52:54 IST" duration-ms="4732" status="PASS">
          <reporter-output>
          </reporter-output>
        </test-method> <!-- VerifyLoginPopupText -->
      </class> <!-- TestCases.Tests.TodayTestcases -->
      <class name="TestCases.Tests.SelectTests">
        <test-method signature="VerifySelectButton()[pri:0, instance:TestCases.Tests.SelectTests@1bb5a082]" started-at="2026-02-10T21:53:49 IST" name="VerifySelectButton" finished-at="2026-02-10T21:53:53 IST" duration-ms="4018" status="PASS">
          <reporter-output>
          </reporter-output>
        </test-method> <!-- VerifySelectButton -->
      </class> <!-- TestCases.Tests.SelectTests -->
      <class name="TestCases.Tests.LoginTest">
        <test-method signature="VerifySignInButton()[pri:0, instance:TestCases.Tests.LoginTest@65fb9ffc]" started-at="2026-02-10T21:53:26 IST" name="VerifySignInButton" finished-at="2026-02-10T21:53:29 IST" duration-ms="3291" status="PASS">
          <reporter-output>
          </reporter-output>
        </test-method> <!-- VerifySignInButton -->
        <test-method signature="VerifySignInButton1()[pri:0, instance:TestCases.Tests.LoginTest@65fb9ffc]" started-at="2026-02-10T21:53:29 IST" name="VerifySignInButton1" finished-at="2026-02-10T21:53:32 IST" duration-ms="3412" status="PASS">
          <reporter-output>
          </reporter-output>
        </test-method> <!-- VerifySignInButton1 -->
      </class> <!-- TestCases.Tests.LoginTest -->
      <class name="TestCases.Tests.LoginTestCases">
        <test-method signature="VerifySelectButton()[pri:0, instance:TestCases.Tests.LoginTestCases@3e694b3f]" started-at="2026-02-10T21:53:32 IST" name="VerifySelectButton" finished-at="2026-02-10T21:53:44 IST" duration-ms="11219" status="PASS">
          <reporter-output>
          </reporter-output>
        </test-method> <!-- VerifySelectButton -->
        <test-method signature="VerifyStopButton()[pri:0, instance:TestCases.Tests.LoginTestCases@3e694b3f]" started-at="2026-02-10T21:53:44 IST" name="VerifyStopButton" finished-at="2026-02-10T21:53:49 IST" duration-ms="5223" status="PASS">
          <reporter-output>
          </reporter-output>
        </test-method> <!-- VerifyStopButton -->
      </class> <!-- TestCases.Tests.LoginTestCases -->
    </test> <!-- Practice Page Test -->
  </suite> <!-- Selenium Test Suite -->
</testng-results>
