<?xml version="1.0" encoding="UTF-8"?>
<testng-results ignored="0" total="1" passed="1" failed="0" skipped="0">
  <reporter-output>
  </reporter-output>
  <suite started-at="2026-01-10T13:18:47 IST" name="Default suite" finished-at="2026-01-10T13:18:50 IST" duration-ms="2568">
    <groups>
    </groups>
    <test started-at="2026-01-10T13:18:47 IST" name="Default test" finished-at="2026-01-10T13:18:50 IST" duration-ms="2568">
      <class name="TestCases.Tests.SelectTests">
        <test-method signature="VerifyAlert()[pri:0, instance:TestCases.Tests.SelectTests@47eaca72]" started-at="2026-01-10T13:18:48 IST" name="VerifyAlert" finished-at="2026-01-10T13:18:50 IST" duration-ms="2528" status="PASS">
          <reporter-output>
          </reporter-output>
        </test-method> <!-- VerifyAlert -->
      </class> <!-- TestCases.Tests.SelectTests -->
    </test> <!-- Default test -->
  </suite> <!-- Default suite -->
</testng-results>
