<?xml version="1.0" encoding="UTF-8"?>
<!-- Generated by org.testng.reporters.JUnitReportReporter -->
<testsuite hostname="CHESHVIKA" failures="0" tests="3" name="TestCases.Tests.TodayTestcases" time="13.094" errors="0" timestamp="2026-02-10T21:53:53 IST" skipped="0">
  <testcase classname="TestCases.Tests.TodayTestcases" name="VerifyLoginPopupText" time="4.732"/>
  <testcase classname="TestCases.Tests.TodayTestcases" name="LoginTest" time="5.389"/>
  <testcase classname="TestCases.Tests.TodayTestcases" name="VerifyLoginPopup" time="2.973"/>
</testsuite> <!-- TestCases.Tests.TodayTestcases -->
