<?xml version="1.0" encoding="UTF-8"?>
<!-- Generated by org.testng.reporters.JUnitReportReporter -->
<testsuite hostname="LAPTOP-FUVDHPQT" failures="0" tests="2" name="TestCases.Tests.LoginTestCases" time="11.270" errors="0" timestamp="2026-01-03T20:39:09 IST" skipped="0">
  <testcase classname="TestCases.Tests.LoginTestCases" name="VerifyStopButton" time="7.517"/>
  <testcase classname="TestCases.Tests.LoginTestCases" name="VerifySelectButton" time="3.753"/>
</testsuite> <!-- TestCases.Tests.LoginTestCases -->
