<?xml version="1.0" encoding="UTF-8"?>
<!-- Generated by org.testng.reporters.JUnitReportReporter -->
<testsuite hostname="CHESHVIKA" failures="0" tests="2" name="TestCases.Tests.SelectRelated" time="7.769" errors="0" timestamp="2026-02-07T21:55:08 IST" skipped="0">
  <testcase classname="TestCases.Tests.SelectRelated" name="VerifySubmitButton" time="3.308"/>
  <testcase classname="TestCases.Tests.SelectRelated" name="VerifySelectButton" time="4.461"/>
</testsuite> <!-- TestCases.Tests.SelectRelated -->
