<?xml version="1.0" encoding="UTF-8"?>
<!-- Generated by org.testng.reporters.JUnitReportReporter -->
<testsuite hostname="CHESHVIKA" failures="0" tests="2" name="TestCases.Tests.LoginTestCases" time="16.442" errors="0" timestamp="2026-02-10T21:53:53 IST" skipped="0">
  <testcase classname="TestCases.Tests.LoginTestCases" name="VerifyStopButton" time="5.223"/>
  <testcase classname="TestCases.Tests.LoginTestCases" name="VerifySelectButton" time="11.219"/>
</testsuite> <!-- TestCases.Tests.LoginTestCases -->
