<?xml version="1.0" encoding="UTF-8"?>
<!-- Generated by org.testng.reporters.JUnitXMLReporter -->
<testsuite ignored="0" hostname="LAPTOP-FUVDHPQT" failures="0" tests="5" name="Practice Page Test" time="23.258" errors="0" timestamp="2026-01-03T20:39:09 IST">
  <testcase classname="TestCases.Tests.LoginTest" name="VerifySignInButton" time="4.734"/>
  <testcase classname="TestCases.Tests.LoginTest" name="VerifySignInButton1" time="3.965"/>
  <testcase classname="TestCases.Tests.LoginTestCases" name="VerifySelectButton" time="3.753"/>
  <testcase classname="TestCases.Tests.LoginTestCases" name="VerifyStopButton" time="7.517"/>
  <testcase classname="TestCases.Tests.SelectTests" name="VerifySelectButton" time="3.209"/>
</testsuite> <!-- Practice Page Test -->
