<?xml version="1.0" encoding="UTF-8"?>
<!-- Generated by org.testng.reporters.JUnitXMLReporter -->
<testsuite ignored="5" hostname="CHESHVIKA" failures="0" tests="1" name="Practice Page Test" time="11.271" errors="0" timestamp="2025-12-25T21:52:29 IST">
  <testcase classname="TestCases.Tests.SimpleTest" name="practicePageTest" time="11.222"/>
  <testcase classname="TestCases.Tests.SimpleTest" name="VerifyStopButton2" time="0.0">
    <ignored/>
  </testcase> <!-- VerifyStopButton2 -->
  <testcase classname="TestCases.Tests.SimpleTest" name="VerifyStopButton1" time="0.0">
    <ignored/>
  </testcase> <!-- VerifyStopButton1 -->
  <testcase classname="TestCases.Tests.SimpleTest" name="verifyYoutubeOptions" time="0.0">
    <ignored/>
  </testcase> <!-- verifyYoutubeOptions -->
  <testcase classname="TestCases.Tests.SimpleTest" name="practicePageTest1" time="0.0">
    <ignored/>
  </testcase> <!-- practicePageTest1 -->
  <testcase classname="TestCases.Tests.SimpleTest" name="VerifyStopButton" time="0.0">
    <ignored/>
  </testcase> <!-- VerifyStopButton -->
</testsuite> <!-- Practice Page Test -->
