<?xml version="1.0" encoding="UTF-8"?>
<!-- Generated by org.testng.reporters.JUnitReportReporter -->
<testsuite hostname="CHESHVIKA" failures="0" tests="4" name="TestCases.Tests.SimpleTest" time="32.814" errors="0" timestamp="2026-02-13T22:03:45 IST" skipped="0">
  <testcase classname="TestCases.Tests.SimpleTest" name="VerifyAlert" time="10.558"/>
  <testcase classname="TestCases.Tests.SimpleTest" name="VerifyStopButton1" time="6.594"/>
  <testcase classname="TestCases.Tests.SimpleTest" name="VerifyStopButton" time="7.020"/>
  <testcase classname="TestCases.Tests.SimpleTest" name="VerifyStopButton2" time="8.642"/>
</testsuite> <!-- TestCases.Tests.SimpleTest -->
