<?xml version="1.0" encoding="UTF-8"?>
<!-- Generated by org.testng.reporters.JUnitReportReporter -->
<testsuite hostname="CHESHVIKA" failures="0" tests="3" name="TestCases.Tests.TodayTestcases" time="11.573" errors="0" timestamp="2026-02-13T22:03:45 IST" skipped="0">
  <testcase classname="TestCases.Tests.TodayTestcases" name="VerifyLoginPopup" time="3.485"/>
  <testcase classname="TestCases.Tests.TodayTestcases" name="LoginTest" time="4.103"/>
  <testcase classname="TestCases.Tests.TodayTestcases" name="VerifyLoginPopupText" time="3.985"/>
</testsuite> <!-- TestCases.Tests.TodayTestcases -->
