<?xml version="1.0" encoding="UTF-8"?>
<!-- Generated by org.testng.reporters.JUnitReportReporter -->
<testsuite hostname="CHESHVIKA" failures="0" tests="2" name="TestCases.Tests.SelectRelated" time="8.840" errors="0" timestamp="2026-02-13T22:03:45 IST" skipped="0">
  <testcase classname="TestCases.Tests.SelectRelated" name="VerifySubmitButton" time="3.766"/>
  <testcase classname="TestCases.Tests.SelectRelated" name="VerifySelectButton" time="5.074"/>
</testsuite> <!-- TestCases.Tests.SelectRelated -->
