<?xml version="1.0" encoding="UTF-8"?>
<!-- Generated by org.testng.reporters.JUnitReportReporter -->
<testsuite hostname="Manvith" failures="0" tests="6" name="TestCases.Tests.LoginTest" time="18.244" errors="0" timestamp="2026-01-26T15:21:20 IST" skipped="0">
  <testcase classname="TestCases.Tests.LoginTest" name="VerifySignInButton" time="2.200"/>
  <testcase classname="TestCases.Tests.LoginTest" name="VerifyCoursesOption" time="3.394"/>
  <testcase classname="TestCases.Tests.LoginTest" name="VerifySignInButton1" time="2.314"/>
  <testcase classname="TestCases.Tests.LoginTest" name="BabutestCase" time="2.176"/>
  <testcase classname="TestCases.Tests.LoginTest" name="ShivaTestCase" time="2.622"/>
  <testcase classname="TestCases.Tests.LoginTest" name="ArjunTestCase" time="5.538"/>
</testsuite> <!-- TestCases.Tests.LoginTest -->
