<?xml version="1.0" encoding="UTF-8"?>
<!-- Generated by org.testng.reporters.JUnitReportReporter -->
<testsuite hostname="CHESHVIKA" failures="0" tests="2" name="TestCases.Tests.LoginTestCases" time="10.373" errors="0" timestamp="2026-02-13T22:03:45 IST" skipped="0">
  <testcase classname="TestCases.Tests.LoginTestCases" name="VerifyStopButton" time="6.929"/>
  <testcase classname="TestCases.Tests.LoginTestCases" name="VerifySelectButton" time="3.444"/>
</testsuite> <!-- TestCases.Tests.LoginTestCases -->
