<?xml version="1.0" encoding="UTF-8"?>
<!-- Generated by org.testng.reporters.JUnitReportReporter -->
<testsuite hostname="Manvith" failures="0" tests="6" name="TestCases.Tests.LoginTest" time="13.057" errors="0" timestamp="2026-01-10T20:43:01 IST" skipped="0">
  <testcase classname="TestCases.Tests.LoginTest" name="ArjunTestCase" time="3.320"/>
  <testcase classname="TestCases.Tests.LoginTest" name="VerifyCoursesOption" time="1.949"/>
  <testcase classname="TestCases.Tests.LoginTest" name="VerifySignInButton" time="2.029"/>
  <testcase classname="TestCases.Tests.LoginTest" name="BabutestCase" time="1.995"/>
  <testcase classname="TestCases.Tests.LoginTest" name="VerifySignInButton1" time="1.833"/>
  <testcase classname="TestCases.Tests.LoginTest" name="ShivaTestCase" time="1.931"/>
</testsuite> <!-- TestCases.Tests.LoginTest -->
