<?xml version="1.0" encoding="UTF-8"?>
<!-- Generated by org.testng.reporters.JUnitReportReporter -->
<testsuite hostname="Manvith" failures="0" tests="2" name="TestCases.Tests.LoginTestCases" time="7.313" errors="0" timestamp="2026-01-26T15:21:20 IST" skipped="0">
  <testcase classname="TestCases.Tests.LoginTestCases" name="VerifySelectButton" time="2.159"/>
  <testcase classname="TestCases.Tests.LoginTestCases" name="VerifyStopButton" time="5.154"/>
</testsuite> <!-- TestCases.Tests.LoginTestCases -->
